# JRE version: OpenJDK Runtime Environment Temurin-17.0.7+7 (17.0.7+7) (build 17.0.7+7)
# Java VM: OpenJDK 64-Bit Server VM Temurin-17.0.7+7 (17.0.7+7, mixed mode, tiered, compressed oops, compressed class ptrs, g1 gc, windows-amd64)
GC Precious Log:
 CPUs: 8 total, 8 available
 Memory: 16075M
 Large Page Support: Disabled
 NUMA Support: Disabled
 Compressed Oops: Enabled (32-bit)
 Heap Region Size: 1M
 Heap Min Capacity: 256M
 Heap Initial Capacity: 256M
 Heap Max Capacity: 1G
 Pre-touch: Disabled
 Parallel Workers: 8
 Concurrent Workers: 2
 Concurrent Refinement Workers: 8
 Periodic GC: Disabled
Heap:
 garbage-first heap   total 577536K, used 335275K [0x00000000c0000000, 0x0000000100000000)
  region size 1024K, 246 young (251904K), 14 survivors (14336K)
 Metaspace       used 42249K, committed 42688K, reserved 1114112K
  class space    used 4084K, committed 4288K, reserved 1048576K
GC Heap History (20 events):
Event: 18.415 GC heap before
{Heap before GC invocations=26 (full 0):
 garbage-first heap   total 262144K, used 207629K [0x00000000c0000000, 0x0000000100000000)
  region size 1024K, 86 young (88064K), 9 survivors (9216K)
 Metaspace       used 41785K, committed 42240K, reserved 1114112K
  class space    used 4067K, committed 4288K, reserved 1048576K
}
Event: 18.434 GC heap after
{Heap after GC invocations=27 (full 0):
 garbage-first heap   total 262144K, used 140158K [0x00000000c0000000, 0x0000000100000000)
  region size 1024K, 11 young (11264K), 11 survivors (11264K)
 Metaspace       used 41785K, committed 42240K, reserved 1114112K
  class space    used 4067K, committed 4288K, reserved 1048576K
}
Event: 18.436 GC heap before
{Heap before GC invocations=27 (full 0):
 garbage-first heap   total 262144K, used 141182K [0x00000000c0000000, 0x0000000100000000)
  region size 1024K, 12 young (12288K), 11 survivors (11264K)
 Metaspace       used 41785K, committed 42240K, reserved 1114112K
  class space    used 4067K, committed 4288K, reserved 1048576K
}
Event: 18.440 GC heap after
{Heap after GC invocations=28 (full 0):
 garbage-first heap   total 262144K, used 135831K [0x00000000c0000000, 0x0000000100000000)
  region size 1024K, 1 young (1024K), 1 survivors (1024K)
 Metaspace       used 41785K, committed 42240K, reserved 1114112K
  class space    used 4067K, committed 4288K, reserved 1048576K
}
Event: 18.670 GC heap before
{Heap before GC invocations=28 (full 0):
 garbage-first heap   total 262144K, used 207511K [0x00000000c0000000, 0x0000000100000000)
  region size 1024K, 71 young (72704K), 1 survivors (1024K)
 Metaspace       used 41832K, committed 42240K, reserved 1114112K
  class space    used 4067K, committed 4288K, reserved 1048576K
}
Event: 18.684 GC heap after
{Heap after GC invocations=29 (full 0):
 garbage-first heap   total 262144K, used 153256K [0x00000000c0000000, 0x0000000100000000)
  region size 1024K, 9 young (9216K), 9 survivors (9216K)
 Metaspace       used 41832K, committed 42240K, reserved 1114112K
  class space    used 4067K, committed 4288K, reserved 1048576K
}
Event: 18.877 GC heap before
{Heap before GC invocations=30 (full 0):
 garbage-first heap   total 262144K, used 156328K [0x00000000c0000000, 0x0000000100000000)
  region size 1024K, 62 young (63488K), 9 survivors (9216K)
 Metaspace       used 41713K, committed 42240K, reserved 1114112K
  class space    used 4047K, committed 4288K, reserved 1048576K
}
Event: 18.895 GC heap after
{Heap after GC invocations=31 (full 0):
 garbage-first heap   total 262144K, used 112385K [0x00000000c0000000, 0x0000000100000000)
  region size 1024K, 8 young (8192K), 8 survivors (8192K)
 Metaspace       used 41713K, committed 42240K, reserved 1114112K
  class space    used 4047K, committed 4288K, reserved 1048576K
}
Event: 18.909 GC heap before
{Heap before GC invocations=31 (full 0):
 garbage-first heap   total 262144K, used 116481K [0x00000000c0000000, 0x0000000100000000)
  region size 1024K, 12 young (12288K), 8 survivors (8192K)
 Metaspace       used 41714K, committed 42240K, reserved 1114112K
  class space    used 4047K, committed 4288K, reserved 1048576K
}
Event: 18.919 GC heap after
{Heap after GC invocations=32 (full 0):
 garbage-first heap   total 262144K, used 88707K [0x00000000c0000000, 0x0000000100000000)
  region size 1024K, 2 young (2048K), 2 survivors (2048K)
 Metaspace       used 41714K, committed 42240K, reserved 1114112K
  class space    used 4047K, committed 4288K, reserved 1048576K
}
Event: 18.957 GC heap before
{Heap before GC invocations=32 (full 0):
 garbage-first heap   total 262144K, used 98947K [0x00000000c0000000, 0x0000000100000000)
  region size 1024K, 12 young (12288K), 2 survivors (2048K)
 Metaspace       used 41737K, committed 42240K, reserved 1114112K
  class space    used 4048K, committed 4288K, reserved 1048576K
}
Event: 18.968 GC heap after
{Heap after GC invocations=33 (full 0):
 garbage-first heap   total 577536K, used 87325K [0x00000000c0000000, 0x0000000100000000)
  region size 1024K, 2 young (2048K), 2 survivors (2048K)
 Metaspace       used 41737K, committed 42240K, reserved 1114112K
  class space    used 4048K, committed 4288K, reserved 1048576K
}
Event: 19.831 GC heap before
{Heap before GC invocations=33 (full 0):
 garbage-first heap   total 577536K, used 399645K [0x00000000c0000000, 0x0000000100000000)
  region size 1024K, 307 young (314368K), 2 survivors (2048K)
 Metaspace       used 41773K, committed 42240K, reserved 1114112K
  class space    used 4048K, committed 4288K, reserved 1048576K
}
Event: 19.837 GC heap after
{Heap after GC invocations=34 (full 0):
 garbage-first heap   total 577536K, used 88910K [0x00000000c0000000, 0x0000000100000000)
  region size 1024K, 4 young (4096K), 4 survivors (4096K)
 Metaspace       used 41773K, committed 42240K, reserved 1114112K
  class space    used 4048K, committed 4288K, reserved 1048576K
}
Event: 20.317 GC heap before
{Heap before GC invocations=34 (full 0):
 garbage-first heap   total 577536K, used 430926K [0x00000000c0000000, 0x0000000100000000)
  region size 1024K, 338 young (346112K), 4 survivors (4096K)
 Metaspace       used 41773K, committed 42240K, reserved 1114112K
  class space    used 4048K, committed 4288K, reserved 1048576K
}
Event: 20.322 GC heap after
{Heap after GC invocations=35 (full 0):
 garbage-first heap   total 577536K, used 88969K [0x00000000c0000000, 0x0000000100000000)
  region size 1024K, 4 young (4096K), 4 survivors (4096K)
 Metaspace       used 41773K, committed 42240K, reserved 1114112K
  class space    used 4048K, committed 4288K, reserved 1048576K
}
Event: 21.258 GC heap before
{Heap before GC invocations=35 (full 0):
 garbage-first heap   total 577536K, used 430985K [0x00000000c0000000, 0x0000000100000000)
  region size 1024K, 338 young (346112K), 4 survivors (4096K)
 Metaspace       used 41951K, committed 42368K, reserved 1114112K
  class space    used 4065K, committed 4288K, reserved 1048576K
}
Event: 21.267 GC heap after
{Heap after GC invocations=36 (full 0):
 garbage-first heap   total 577536K, used 92091K [0x00000000c0000000, 0x0000000100000000)
  region size 1024K, 7 young (7168K), 7 survivors (7168K)
 Metaspace       used 41951K, committed 42368K, reserved 1114112K
  class space    used 4065K, committed 4288K, reserved 1048576K
}
Event: 24.403 GC heap before
{Heap before GC invocations=36 (full 0):
 garbage-first heap   total 577536K, used 430011K [0x00000000c0000000, 0x0000000100000000)
  region size 1024K, 338 young (346112K), 7 survivors (7168K)
 Metaspace       used 42188K, committed 42624K, reserved 1114112K
  class space    used 4075K, committed 4288K, reserved 1048576K
}
Event: 24.414 GC heap after
{Heap after GC invocations=37 (full 0):
 garbage-first heap   total 577536K, used 98731K [0x00000000c0000000, 0x0000000100000000)
  region size 1024K, 14 young (14336K), 14 survivors (14336K)
 Metaspace       used 42188K, committed 42624K, reserved 1114112K
  class space    used 4075K, committed 4288K, reserved 1048576K
}

